<html>
<head>
<title>TestNG:  Test</title>
<link href="../testng.css" rel="stylesheet" type="text/css" />
<link href="../my-testng.css" rel="stylesheet" type="text/css" />

<style type="text/css">
.log { display: none;} 
.stack-trace { display: none;} 
</style>
<script type="text/javascript">
<!--
function flip(e) {
  current = e.style.display;
  if (current == 'block') {
    e.style.display = 'none';
    return 0;
  }
  else {
    e.style.display = 'block';
    return 1;
  }
}

function toggleBox(szDivId, elem, msg1, msg2)
{
  var res = -1;  if (document.getElementById) {
    res = flip(document.getElementById(szDivId));
  }
  else if (document.all) {
    // this is the way old msie versions work
    res = flip(document.all[szDivId]);
  }
  if(elem) {
    if(res == 0) elem.innerHTML = msg1; else elem.innerHTML = msg2;
  }

}

function toggleAllBoxes() {
  if (document.getElementsByTagName) {
    d = document.getElementsByTagName('div');
    for (i = 0; i < d.length; i++) {
      if (d[i].className == 'log') {
        flip(d[i]);
      }
    }
  }
}

// -->
</script>

</head>
<body>
<h2 align='center'>Test</h2><table border='1' align="center">
<tr>
<td>Tests passed/Failed/Skipped:</td><td>23/2/0</td>
</tr><tr>
<td>Started on:</td><td>Tue Feb 01 00:10:51 SAST 2022</td>
</tr>
<tr><td>Total time:</td><td>47 seconds (47452 ms)</td>
</tr><tr>
<td>Included groups:</td><td></td>
</tr><tr>
<td>Excluded groups:</td><td></td>
</tr>
</table><p/>
<small><i>(Hover the method name to see the test class name)</i></small><p/>
<table width='100%' border='1' class='invocation-failed'>
<tr><td colspan='4' align='center'><b>FAILED TESTS</b></td></tr>
<tr><td><b>Test method</b></td>
<td width="30%"><b>Exception</b></td>
<td width="10%"><b>Time (seconds)</b></td>
<td><b>Instance</b></td>
</tr>
<tr>
<td title='com.automation.SearchSection.validate_employeeName()'><b>validate_employeeName</b><br>Test class: com.automation.SearchSection</td>
<td><div><pre>java.lang.AssertionError: expected [true] but found [false]
	at com.automation.SearchSection.validate_employeeName(SearchSection.java:69)
	at java.base/java.util.ArrayList.forEach(ArrayList.java:1511)
... Removed 31 stack frames</pre></div><a href='#' onClick='toggleBox("stack-trace1096259059", this, "Click to show all stack frames", "Click to hide stack frames")'>Click to show all stack frames</a>
<div class='stack-trace' id='stack-trace1096259059'><pre>java.lang.AssertionError: expected [true] but found [false]
	at org.testng.Assert.fail(Assert.java:99)
	at org.testng.Assert.failNotEquals(Assert.java:1037)
	at org.testng.Assert.assertTrue(Assert.java:45)
	at org.testng.Assert.assertTrue(Assert.java:55)
	at com.automation.SearchSection.validate_employeeName(SearchSection.java:69)
	at java.base/jdk.internal.reflect.NativeMethodAccessorImpl.invoke0(Native Method)
	at java.base/jdk.internal.reflect.NativeMethodAccessorImpl.invoke(NativeMethodAccessorImpl.java:78)
	at java.base/jdk.internal.reflect.DelegatingMethodAccessorImpl.invoke(DelegatingMethodAccessorImpl.java:43)
	at java.base/java.lang.reflect.Method.invoke(Method.java:567)
	at org.testng.internal.MethodInvocationHelper.invokeMethod(MethodInvocationHelper.java:133)
	at org.testng.internal.TestInvoker.invokeMethod(TestInvoker.java:598)
	at org.testng.internal.TestInvoker.invokeTestMethod(TestInvoker.java:173)
	at org.testng.internal.MethodRunner.runInSequence(MethodRunner.java:46)
	at org.testng.internal.TestInvoker$MethodInvocationAgent.invoke(TestInvoker.java:824)
	at org.testng.internal.TestInvoker.invokeTestMethods(TestInvoker.java:146)
	at org.testng.internal.TestMethodWorker.invokeTestMethods(TestMethodWorker.java:146)
	at org.testng.internal.TestMethodWorker.run(TestMethodWorker.java:128)
	at java.base/java.util.ArrayList.forEach(ArrayList.java:1511)
	at org.testng.TestRunner.privateRun(TestRunner.java:794)
	at org.testng.TestRunner.run(TestRunner.java:596)
	at org.testng.SuiteRunner.runTest(SuiteRunner.java:377)
	at org.testng.SuiteRunner.runSequentially(SuiteRunner.java:371)
	at org.testng.SuiteRunner.privateRun(SuiteRunner.java:332)
	at org.testng.SuiteRunner.run(SuiteRunner.java:276)
	at org.testng.SuiteRunnerWorker.runSuite(SuiteRunnerWorker.java:53)
	at org.testng.SuiteRunnerWorker.run(SuiteRunnerWorker.java:96)
	at org.testng.TestNG.runSuitesSequentially(TestNG.java:1212)
	at org.testng.TestNG.runSuitesLocally(TestNG.java:1134)
	at org.testng.TestNG.runSuites(TestNG.java:1063)
	at org.testng.TestNG.run(TestNG.java:1031)
	at org.testng.remote.AbstractRemoteTestNG.run(AbstractRemoteTestNG.java:115)
	at org.testng.remote.RemoteTestNG.initAndRun(RemoteTestNG.java:251)
	at org.testng.remote.RemoteTestNG.main(RemoteTestNG.java:77)
</pre></div></td>
<td>2</td>
<td>com.automation.SearchSection@6340e5f0</td></tr>
<tr>
<td title='com.automation.LogOut.validate_url_landingPage2()'><b>validate_url_landingPage2</b><br>Test class: com.automation.LogOut</td>
<td><div><pre>java.lang.AssertionError: expected [true] but found [false]
	at com.automation.LogOut.validate_url_landingPage2(LogOut.java:60)
	at java.base/java.util.ArrayList.forEach(ArrayList.java:1511)
... Removed 31 stack frames</pre></div><a href='#' onClick='toggleBox("stack-trace2119344747", this, "Click to show all stack frames", "Click to hide stack frames")'>Click to show all stack frames</a>
<div class='stack-trace' id='stack-trace2119344747'><pre>java.lang.AssertionError: expected [true] but found [false]
	at org.testng.Assert.fail(Assert.java:99)
	at org.testng.Assert.failNotEquals(Assert.java:1037)
	at org.testng.Assert.assertTrue(Assert.java:45)
	at org.testng.Assert.assertTrue(Assert.java:55)
	at com.automation.LogOut.validate_url_landingPage2(LogOut.java:60)
	at java.base/jdk.internal.reflect.NativeMethodAccessorImpl.invoke0(Native Method)
	at java.base/jdk.internal.reflect.NativeMethodAccessorImpl.invoke(NativeMethodAccessorImpl.java:78)
	at java.base/jdk.internal.reflect.DelegatingMethodAccessorImpl.invoke(DelegatingMethodAccessorImpl.java:43)
	at java.base/java.lang.reflect.Method.invoke(Method.java:567)
	at org.testng.internal.MethodInvocationHelper.invokeMethod(MethodInvocationHelper.java:133)
	at org.testng.internal.TestInvoker.invokeMethod(TestInvoker.java:598)
	at org.testng.internal.TestInvoker.invokeTestMethod(TestInvoker.java:173)
	at org.testng.internal.MethodRunner.runInSequence(MethodRunner.java:46)
	at org.testng.internal.TestInvoker$MethodInvocationAgent.invoke(TestInvoker.java:824)
	at org.testng.internal.TestInvoker.invokeTestMethods(TestInvoker.java:146)
	at org.testng.internal.TestMethodWorker.invokeTestMethods(TestMethodWorker.java:146)
	at org.testng.internal.TestMethodWorker.run(TestMethodWorker.java:128)
	at java.base/java.util.ArrayList.forEach(ArrayList.java:1511)
	at org.testng.TestRunner.privateRun(TestRunner.java:794)
	at org.testng.TestRunner.run(TestRunner.java:596)
	at org.testng.SuiteRunner.runTest(SuiteRunner.java:377)
	at org.testng.SuiteRunner.runSequentially(SuiteRunner.java:371)
	at org.testng.SuiteRunner.privateRun(SuiteRunner.java:332)
	at org.testng.SuiteRunner.run(SuiteRunner.java:276)
	at org.testng.SuiteRunnerWorker.runSuite(SuiteRunnerWorker.java:53)
	at org.testng.SuiteRunnerWorker.run(SuiteRunnerWorker.java:96)
	at org.testng.TestNG.runSuitesSequentially(TestNG.java:1212)
	at org.testng.TestNG.runSuitesLocally(TestNG.java:1134)
	at org.testng.TestNG.runSuites(TestNG.java:1063)
	at org.testng.TestNG.run(TestNG.java:1031)
	at org.testng.remote.AbstractRemoteTestNG.run(AbstractRemoteTestNG.java:115)
	at org.testng.remote.RemoteTestNG.initAndRun(RemoteTestNG.java:251)
	at org.testng.remote.RemoteTestNG.main(RemoteTestNG.java:77)
</pre></div></td>
<td>0</td>
<td>com.automation.LogOut@1ffaf86</td></tr>
</table><p>
<table width='100%' border='1' class='invocation-passed'>
<tr><td colspan='4' align='center'><b>PASSED TESTS</b></td></tr>
<tr><td><b>Test method</b></td>
<td width="30%"><b>Exception</b></td>
<td width="10%"><b>Time (seconds)</b></td>
<td><b>Instance</b></td>
</tr>
<tr>
<td title='com.automation.ClickAdd.clickadd()'><b>clickadd</b><br>Test class: com.automation.ClickAdd</td>
<td></td>
<td>4</td>
<td>com.automation.ClickAdd@41a0aa7d</td></tr>
<tr>
<td title='com.automation.Login.Valid_url()'><b>Valid_url</b><br>Test class: com.automation.Login</td>
<td></td>
<td>0</td>
<td>com.automation.Login@38cee291</td></tr>
<tr>
<td title='com.automation.AdminTap.admintap()'><b>admintap</b><br>Test class: com.automation.AdminTap</td>
<td></td>
<td>4</td>
<td>com.automation.AdminTap@e350b40</td></tr>
<tr>
<td title='com.automation.PageTitle.first_test()'><b>first_test</b><br>Test class: com.automation.PageTitle</td>
<td></td>
<td>6</td>
<td>com.automation.PageTitle@791f145a</td></tr>
<tr>
<td title='com.automation.AdminTap.validateReset()'><b>validateReset</b><br>Test class: com.automation.AdminTap</td>
<td></td>
<td>0</td>
<td>com.automation.AdminTap@e350b40</td></tr>
<tr>
<td title='com.automation.AdminTap.validateAdd()'><b>validateAdd</b><br>Test class: com.automation.AdminTap</td>
<td></td>
<td>0</td>
<td>com.automation.AdminTap@e350b40</td></tr>
<tr>
<td title='com.automation.SearchSection.validate_username()'><b>validate_username</b><br>Test class: com.automation.SearchSection</td>
<td></td>
<td>0</td>
<td>com.automation.SearchSection@6340e5f0</td></tr>
<tr>
<td title='com.automation.SearchSection.validate_status()'><b>validate_status</b><br>Test class: com.automation.SearchSection</td>
<td></td>
<td>0</td>
<td>com.automation.SearchSection@6340e5f0</td></tr>
<tr>
<td title='com.automation.EnterInfo.enter_info()'><b>enter_info</b><br>Test class: com.automation.EnterInfo</td>
<td></td>
<td>2</td>
<td>com.automation.EnterInfo@2794eab6</td></tr>
<tr>
<td title='com.automation.EnterInfo.validate_status()'><b>validate_status</b><br>Test class: com.automation.EnterInfo</td>
<td></td>
<td>0</td>
<td>com.automation.EnterInfo@2794eab6</td></tr>
<tr>
<td title='com.automation.AdminTap.Validate_adminUrl()'><b>Validate_adminUrl</b><br>Test class: com.automation.AdminTap</td>
<td></td>
<td>0</td>
<td>com.automation.AdminTap@e350b40</td></tr>
<tr>
<td title='com.automation.SearchRecord.search_deleted()'><b>search_deleted</b><br>Test class: com.automation.SearchRecord</td>
<td></td>
<td>2</td>
<td>com.automation.SearchRecord@13e344d</td></tr>
<tr>
<td title='com.automation.Login.check_admin()'><b>check_admin</b><br>Test class: com.automation.Login</td>
<td></td>
<td>0</td>
<td>com.automation.Login@38cee291</td></tr>
<tr>
<td title='com.automation.AdminTap.validateSearch()'><b>validateSearch</b><br>Test class: com.automation.AdminTap</td>
<td></td>
<td>0</td>
<td>com.automation.AdminTap@e350b40</td></tr>
<tr>
<td title='com.automation.ClickAdd.validate_addbtnUrl()'><b>validate_addbtnUrl</b><br>Test class: com.automation.ClickAdd</td>
<td></td>
<td>0</td>
<td>com.automation.ClickAdd@41a0aa7d</td></tr>
<tr>
<td title='com.automation.ClickAdd.validateAdd()'><b>validateAdd</b><br>Test class: com.automation.ClickAdd</td>
<td></td>
<td>0</td>
<td>com.automation.ClickAdd@41a0aa7d</td></tr>
<tr>
<td title='com.automation.AdminTap.validateDelete()'><b>validateDelete</b><br>Test class: com.automation.AdminTap</td>
<td></td>
<td>0</td>
<td>com.automation.AdminTap@e350b40</td></tr>
<tr>
<td title='com.automation.LogOut.logout()'><b>logout</b><br>Test class: com.automation.LogOut</td>
<td></td>
<td>3</td>
<td>com.automation.LogOut@1ffaf86</td></tr>
<tr>
<td title='com.automation.Login.login()'><b>login</b><br>Test class: com.automation.Login</td>
<td></td>
<td>8</td>
<td>com.automation.Login@38cee291</td></tr>
<tr>
<td title='com.automation.SearchSection.click_search()'><b>click_search</b><br>Test class: com.automation.SearchSection</td>
<td></td>
<td>3</td>
<td>com.automation.SearchSection@6340e5f0</td></tr>
<tr>
<td title='com.automation.DeleteRecord.delete_record()'><b>delete_record</b><br>Test class: com.automation.DeleteRecord</td>
<td></td>
<td>7</td>
<td>com.automation.DeleteRecord@45099dd3</td></tr>
<tr>
<td title='com.automation.Login.check_welcome()'><b>check_welcome</b><br>Test class: com.automation.Login</td>
<td></td>
<td>0</td>
<td>com.automation.Login@38cee291</td></tr>
<tr>
<td title='com.automation.LogOut.validate_url_landingPage()'><b>validate_url_landingPage</b><br>Test class: com.automation.LogOut</td>
<td></td>
<td>2</td>
<td>com.automation.LogOut@1ffaf86</td></tr>
</table><p>
</body>
</html>